<?xml version='1.0' encoding='UTF-8'?>
<testsuite hostname="172-17-85-211.DYNAPOOL.NYU.EDU" name="edu.nyu.oop.TraverseASTTest" tests="1" errors="0" failures="1" time="0.006">
                     <properties>
[...]
</properties>
                     <testcase classname="edu.nyu.oop.TraverseASTTest" name="testMethodSummary1" time="0.006">
                                                 <failure message="expected:&lt;2&gt; but was:&lt;3&gt;" type="java.lang.AssertionError">java.lang.AssertionError: expected:&lt;2&gt; but was:&lt;3&gt;
	at org.junit.Assert.fail(Assert.java:88)
	at org.junit.Assert.failNotEquals(Assert.java:743)
	at org.junit.Assert.assertEquals(Assert.java:118)
	at org.junit.Assert.assertEquals(Assert.java:555)
	at org.junit.Assert.assertEquals(Assert.java:542)
	at edu.nyu.oop.TraverseASTTest.testMethodSummary1(TraverseASTTest.java:37)
	at sun.reflect.NativeMethodAccessorImpl.invoke0(Native Method)
	at sun.reflect.NativeMethodAccessorImpl.invoke(NativeMethodAccessorImpl.java:62)
	at sun.reflect.DelegatingMethodAccessorImpl.invoke(DelegatingMethodAccessorImpl.java:43)
	at java.lang.reflect.Method.invoke(Method.java:498)
	at org.junit.runners.model.FrameworkMethod$1.runReflectiveCall(FrameworkMethod.java:47)
	at org.junit.internal.runners.model.ReflectiveCallable.run(ReflectiveCallable.java:12)
	at org.junit.runners.model.FrameworkMethod.invokeExplosively(FrameworkMethod.java:44)
	at org.junit.internal.runners.statements.InvokeMethod.evaluate(InvokeMethod.java:17)
	at org.junit.internal.runners.statements.RunBefores.evaluate(RunBefores.java:26)
	at org.junit.runners.ParentRunner.runLeaf(ParentRunner.java:271)
	at org.junit.runners.BlockJUnit4ClassRunner.runChild(BlockJUnit4ClassRunner.java:70)
	at org.junit.runners.BlockJUnit4ClassRunner.runChild(BlockJUnit4ClassRunner.java:50)
	at org.junit.runners.ParentRunner$3.run(ParentRunner.java:238)
	at org.junit.runners.ParentRunner$1.schedule(ParentRunner.java:63)
	at org.junit.runners.ParentRunner.runChildren(ParentRunner.java:236)
	at org.junit.runners.ParentRunner.access$000(ParentRunner.java:53)
	at org.junit.runners.ParentRunner$2.evaluate(ParentRunner.java:229)
	at org.junit.internal.runners.statements.RunBefores.evaluate(RunBefores.java:26)
	at org.junit.runners.ParentRunner.run(ParentRunner.java:309)
	at org.junit.runners.Suite.runChild(Suite.java:127)
	at org.junit.runners.Suite.runChild(Suite.java:26)
	at org.junit.runners.ParentRunner$3.run(ParentRunner.java:238)
	at org.junit.runners.ParentRunner$1.schedule(ParentRunner.java:63)
	at org.junit.runners.ParentRunner.runChildren(ParentRunner.java:236)
	at org.junit.runners.ParentRunner.access$000(ParentRunner.java:53)
	at org.junit.runners.ParentRunner$2.evaluate(ParentRunner.java:229)
	at org.junit.runners.ParentRunner.run(ParentRunner.java:309)
	at org.junit.runner.JUnitCore.run(JUnitCore.java:160)
	at org.junit.runner.JUnitCore.run(JUnitCore.java:138)
	at com.novocode.junit.JUnitRunner$1.execute(JUnitRunner.java:132)
	at sbt.TestRunner.runTest$1(TestFramework.scala:76)
	at sbt.TestRunner.run(TestFramework.scala:85)
	at sbt.TestFramework$$anon$2$$anonfun$$init$$1$$anonfun$apply$8.apply(TestFramework.scala:202)
	at sbt.TestFramework$$anon$2$$anonfun$$init$$1$$anonfun$apply$8.apply(TestFramework.scala:202)
	at sbt.TestFramework$.sbt$TestFramework$$withContextLoader(TestFramework.scala:185)
	at sbt.TestFramework$$anon$2$$anonfun$$init$$1.apply(TestFramework.scala:202)
	at sbt.TestFramework$$anon$2$$anonfun$$init$$1.apply(TestFramework.scala:202)
	at sbt.TestFunction.apply(TestFramework.scala:207)
	at sbt.Tests$.sbt$Tests$$processRunnable$1(Tests.scala:239)
	at sbt.Tests$$anonfun$makeSerial$1.apply(Tests.scala:245)
	at sbt.Tests$$anonfun$makeSerial$1.apply(Tests.scala:245)
	at sbt.std.Transform$$anon$3$$anonfun$apply$2.apply(System.scala:44)
	at sbt.std.Transform$$anon$3$$anonfun$apply$2.apply(System.scala:44)
	at sbt.std.Transform$$anon$4.work(System.scala:63)
	at sbt.Execute$$anonfun$submit$1$$anonfun$apply$1.apply(Execute.scala:226)
	at sbt.Execute$$anonfun$submit$1$$anonfun$apply$1.apply(Execute.scala:226)
	at sbt.ErrorHandling$.wideConvert(ErrorHandling.scala:17)
	at sbt.Execute.work(Execute.scala:235)
	at sbt.Execute$$anonfun$submit$1.apply(Execute.scala:226)
	at sbt.Execute$$anonfun$submit$1.apply(Execute.scala:226)
	at sbt.ConcurrentRestrictions$$anon$4$$anonfun$1.apply(ConcurrentRestrictions.scala:159)
	at sbt.CompletionService$$anon$2.call(CompletionService.scala:28)
	at java.util.concurrent.FutureTask.run(FutureTask.java:266)
	at java.util.concurrent.Executors$RunnableAdapter.call(Executors.java:511)
	at java.util.concurrent.FutureTask.run(FutureTask.java:266)
	at java.util.concurrent.ThreadPoolExecutor.runWorker(ThreadPoolExecutor.java:1149)
	at java.util.concurrent.ThreadPoolExecutor$Worker.run(ThreadPoolExecutor.java:624)
	at java.lang.Thread.run(Thread.java:748)
</failure>
                                               </testcase>
                     <system-out></system-out>
                     <system-err></system-err>
                   </testsuite>