[0m[[0mdebug[0m] [0mRunning TaskDef(edu.nyu.oop.TraverseASTTest, com.novocode.junit.JUnitFingerprint@54ad2e9a, false, [SuiteSelector])[0m
java.lang.NumberFormatException: For input string: "260abbe50f060cab5728a5464c7a55867a98897b"
	at java.lang.NumberFormatException.forInputString(NumberFormatException.java:65)
	at java.lang.Long.parseLong(Long.java:589)
	at java.lang.Long.parseLong(Long.java:631)
	at scala.collection.immutable.StringLike$class.toLong(StringLike.scala:230)
	at scala.collection.immutable.StringOps.toLong(StringOps.scala:31)
	at sbt.TestStatus$$anonfun$read$1.apply(TestStatusReporter.scala:34)
	at sbt.TestStatus$$anonfun$read$1.apply(TestStatusReporter.scala:34)
	at scala.collection.TraversableLike$$anonfun$map$1.apply(TraversableLike.scala:244)
	at scala.collection.TraversableLike$$anonfun$map$1.apply(TraversableLike.scala:244)
	at scala.collection.Iterator$class.foreach(Iterator.scala:727)
	at scala.collection.AbstractIterator.foreach(Iterator.scala:1157)
	at scala.collection.IterableLike$class.foreach(IterableLike.scala:72)
	at scala.collection.AbstractIterable.foreach(Iterable.scala:54)
	at scala.collection.TraversableLike$class.map(TraversableLike.scala:244)
	at scala.collection.AbstractTraversable.map(Traversable.scala:105)
	at sbt.TestStatus$.read(TestStatusReporter.scala:34)
	at sbt.TestStatusReporter.succeeded$lzycompute(TestStatusReporter.scala:12)
	at sbt.TestStatusReporter.succeeded(TestStatusReporter.scala:12)
	at sbt.TestStatusReporter.startGroup(TestStatusReporter.scala:15)
	at sbt.TestRunner$$anonfun$run$2.apply(TestFramework.scala:83)
	at sbt.TestRunner$$anonfun$run$2.apply(TestFramework.scala:83)
	at sbt.TestFramework$$anonfun$safeForeach$1.apply(TestFramework.scala:107)
	at sbt.TestFramework$$anonfun$safeForeach$1.apply(TestFramework.scala:107)
	at scala.collection.immutable.List.foreach(List.scala:318)
	at sbt.TestFramework$.safeForeach(TestFramework.scala:107)
	at sbt.TestRunner.safeListenersCall(TestFramework.scala:96)
	at sbt.TestRunner.run(TestFramework.scala:83)
	at sbt.TestFramework$$anon$2$$anonfun$$init$$1$$anonfun$apply$8.apply(TestFramework.scala:202)
	at sbt.TestFramework$$anon$2$$anonfun$$init$$1$$anonfun$apply$8.apply(TestFramework.scala:202)
	at sbt.TestFramework$.sbt$TestFramework$$withContextLoader(TestFramework.scala:185)
	at sbt.TestFramework$$anon$2$$anonfun$$init$$1.apply(TestFramework.scala:202)
	at sbt.TestFramework$$anon$2$$anonfun$$init$$1.apply(TestFramework.scala:202)
	at sbt.TestFunction.apply(TestFramework.scala:207)
	at sbt.Tests$.sbt$Tests$$processRunnable$1(Tests.scala:239)
	at sbt.Tests$$anonfun$makeSerial$1.apply(Tests.scala:245)
	at sbt.Tests$$anonfun$makeSerial$1.apply(Tests.scala:245)
	at sbt.std.Transform$$anon$3$$anonfun$apply$2.apply(System.scala:44)
	at sbt.std.Transform$$anon$3$$anonfun$apply$2.apply(System.scala:44)
	at sbt.std.Transform$$anon$4.work(System.scala:63)
	at sbt.Execute$$anonfun$submit$1$$anonfun$apply$1.apply(Execute.scala:226)
	at sbt.Execute$$anonfun$submit$1$$anonfun$apply$1.apply(Execute.scala:226)
	at sbt.ErrorHandling$.wideConvert(ErrorHandling.scala:17)
	at sbt.Execute.work(Execute.scala:235)
	at sbt.Execute$$anonfun$submit$1.apply(Execute.scala:226)
	at sbt.Execute$$anonfun$submit$1.apply(Execute.scala:226)
	at sbt.ConcurrentRestrictions$$anon$4$$anonfun$1.apply(ConcurrentRestrictions.scala:159)
	at sbt.CompletionService$$anon$2.call(CompletionService.scala:28)
	at java.util.concurrent.FutureTask.run(FutureTask.java:266)
	at java.util.concurrent.Executors$RunnableAdapter.call(Executors.java:511)
	at java.util.concurrent.FutureTask.run(FutureTask.java:266)
	at java.util.concurrent.ThreadPoolExecutor.runWorker(ThreadPoolExecutor.java:1149)
	at java.util.concurrent.ThreadPoolExecutor$Worker.run(ThreadPoolExecutor.java:624)
	at java.lang.Thread.run(Thread.java:748)
[0m[[31merror[0m] [0mjava.lang.NumberFormatException: For input string: "260abbe50f060cab5728a5464c7a55867a98897b"[0m
java.lang.NumberFormatException: For input string: "260abbe50f060cab5728a5464c7a55867a98897b"
	at java.lang.NumberFormatException.forInputString(NumberFormatException.java:65)
	at java.lang.Long.parseLong(Long.java:589)
	at java.lang.Long.parseLong(Long.java:631)
	at scala.collection.immutable.StringLike$class.toLong(StringLike.scala:230)
	at scala.collection.immutable.StringOps.toLong(StringOps.scala:31)
	at sbt.TestStatus$$anonfun$read$1.apply(TestStatusReporter.scala:34)
	at sbt.TestStatus$$anonfun$read$1.apply(TestStatusReporter.scala:34)
	at scala.collection.TraversableLike$$anonfun$map$1.apply(TraversableLike.scala:244)
	at scala.collection.TraversableLike$$anonfun$map$1.apply(TraversableLike.scala:244)
	at scala.collection.Iterator$class.foreach(Iterator.scala:727)
	at scala.collection.AbstractIterator.foreach(Iterator.scala:1157)
	at scala.collection.IterableLike$class.foreach(IterableLike.scala:72)
	at scala.collection.AbstractIterable.foreach(Iterable.scala:54)
	at scala.collection.TraversableLike$class.map(TraversableLike.scala:244)
	at scala.collection.AbstractTraversable.map(Traversable.scala:105)
	at sbt.TestStatus$.read(TestStatusReporter.scala:34)
	at sbt.TestStatusReporter.succeeded$lzycompute(TestStatusReporter.scala:12)
	at sbt.TestStatusReporter.succeeded(TestStatusReporter.scala:12)
	at sbt.TestStatusReporter.endGroup(TestStatusReporter.scala:20)
	at sbt.TestRunner$$anonfun$run$3.apply(TestFramework.scala:86)
	at sbt.TestRunner$$anonfun$run$3.apply(TestFramework.scala:86)
	at sbt.TestFramework$$anonfun$safeForeach$1.apply(TestFramework.scala:107)
	at sbt.TestFramework$$anonfun$safeForeach$1.apply(TestFramework.scala:107)
	at scala.collection.immutable.List.foreach(List.scala:318)
	at sbt.TestFramework$.safeForeach(TestFramework.scala:107)
	at sbt.TestRunner.safeListenersCall(TestFramework.scala:96)
	at sbt.TestRunner.run(TestFramework.scala:86)
	at sbt.TestFramework$$anon$2$$anonfun$$init$$1$$anonfun$apply$8.apply(TestFramework.scala:202)
	at sbt.TestFramework$$anon$2$$anonfun$$init$$1$$anonfun$apply$8.apply(TestFramework.scala:202)
	at sbt.TestFramework$.sbt$TestFramework$$withContextLoader(TestFramework.scala:185)
	at sbt.TestFramework$$anon$2$$anonfun$$init$$1.apply(TestFramework.scala:202)
	at sbt.TestFramework$$anon$2$$anonfun$$init$$1.apply(TestFramework.scala:202)
	at sbt.TestFunction.apply(TestFramework.scala:207)
	at sbt.Tests$.sbt$Tests$$processRunnable$1(Tests.scala:239)
	at sbt.Tests$$anonfun$makeSerial$1.apply(Tests.scala:245)
	at sbt.Tests$$anonfun$makeSerial$1.apply(Tests.scala:245)
	at sbt.std.Transform$$anon$3$$anonfun$apply$2.apply(System.scala:44)
	at sbt.std.Transform$$anon$3$$anonfun$apply$2.apply(System.scala:44)
	at sbt.std.Transform$$anon$4.work(System.scala:63)
	at sbt.Execute$$anonfun$submit$1$$anonfun$apply$1.apply(Execute.scala:226)
	at sbt.Execute$$anonfun$submit$1$$anonfun$apply$1.apply(Execute.scala:226)
	at sbt.ErrorHandling$.wideConvert(ErrorHandling.scala:17)
	at sbt.Execute.work(Execute.scala:235)
	at sbt.Execute$$anonfun$submit$1.apply(Execute.scala:226)
	at sbt.Execute$$anonfun$submit$1.apply(Execute.scala:226)
	at sbt.ConcurrentRestrictions$$anon$4$$anonfun$1.apply(ConcurrentRestrictions.scala:159)
	at sbt.CompletionService$$anon$2.call(CompletionService.scala:28)
	at java.util.concurrent.FutureTask.run(FutureTask.java:266)
	at java.util.concurrent.Executors$RunnableAdapter.call(Executors.java:511)
	at java.util.concurrent.FutureTask.run(FutureTask.java:266)
	at java.util.concurrent.ThreadPoolExecutor.runWorker(ThreadPoolExecutor.java:1149)
	at java.util.concurrent.ThreadPoolExecutor$Worker.run(ThreadPoolExecutor.java:624)
	at java.lang.Thread.run(Thread.java:748)
[0m[[31merror[0m] [0mjava.lang.NumberFormatException: For input string: "260abbe50f060cab5728a5464c7a55867a98897b"[0m
java.lang.NumberFormatException: For input string: "260abbe50f060cab5728a5464c7a55867a98897b"
	at java.lang.NumberFormatException.forInputString(NumberFormatException.java:65)
	at java.lang.Long.parseLong(Long.java:589)
	at java.lang.Long.parseLong(Long.java:631)
	at scala.collection.immutable.StringLike$class.toLong(StringLike.scala:230)
	at scala.collection.immutable.StringOps.toLong(StringOps.scala:31)
	at sbt.TestStatus$$anonfun$read$1.apply(TestStatusReporter.scala:34)
	at sbt.TestStatus$$anonfun$read$1.apply(TestStatusReporter.scala:34)
	at scala.collection.TraversableLike$$anonfun$map$1.apply(TraversableLike.scala:244)
	at scala.collection.TraversableLike$$anonfun$map$1.apply(TraversableLike.scala:244)
	at scala.collection.Iterator$class.foreach(Iterator.scala:727)
	at scala.collection.AbstractIterator.foreach(Iterator.scala:1157)
	at scala.collection.IterableLike$class.foreach(IterableLike.scala:72)
	at scala.collection.AbstractIterable.foreach(Iterable.scala:54)
	at scala.collection.TraversableLike$class.map(TraversableLike.scala:244)
	at scala.collection.AbstractTraversable.map(Traversable.scala:105)
	at sbt.TestStatus$.read(TestStatusReporter.scala:34)
	at sbt.TestStatusReporter.succeeded$lzycompute(TestStatusReporter.scala:12)
	at sbt.TestStatusReporter.succeeded(TestStatusReporter.scala:12)
	at sbt.TestStatusReporter.doComplete(TestStatusReporter.scala:23)
	at sbt.TestFramework$$anonfun$8$$anonfun$apply$7.apply(TestFramework.scala:178)
	at sbt.TestFramework$$anonfun$8$$anonfun$apply$7.apply(TestFramework.scala:178)
	at sbt.TestFramework$$anonfun$safeForeach$1.apply(TestFramework.scala:107)
	at sbt.TestFramework$$anonfun$safeForeach$1.apply(TestFramework.scala:107)
	at scala.collection.immutable.List.foreach(List.scala:318)
	at sbt.TestFramework$.safeForeach(TestFramework.scala:107)
	at sbt.TestFramework$$anonfun$sbt$TestFramework$$foreachListenerSafe$1$1.apply$mcV$sp(TestFramework.scala:162)
	at sbt.Tests$$anonfun$sbt$Tests$$fj$1$1.apply(Tests.scala:173)
	at sbt.Tests$$anonfun$sbt$Tests$$fj$1$1.apply(Tests.scala:173)
	at sbt.std.TaskExtra$$anon$1$$anonfun$fork$1$$anonfun$apply$1.apply(TaskExtra.scala:89)
	at sbt.std.Transform$$anon$3$$anonfun$apply$2.apply(System.scala:44)
	at sbt.std.Transform$$anon$3$$anonfun$apply$2.apply(System.scala:44)
	at sbt.std.Transform$$anon$4.work(System.scala:63)
	at sbt.Execute$$anonfun$submit$1$$anonfun$apply$1.apply(Execute.scala:226)
	at sbt.Execute$$anonfun$submit$1$$anonfun$apply$1.apply(Execute.scala:226)
	at sbt.ErrorHandling$.wideConvert(ErrorHandling.scala:17)
	at sbt.Execute.work(Execute.scala:235)
	at sbt.Execute$$anonfun$submit$1.apply(Execute.scala:226)
	at sbt.Execute$$anonfun$submit$1.apply(Execute.scala:226)
	at sbt.ConcurrentRestrictions$$anon$4$$anonfun$1.apply(ConcurrentRestrictions.scala:159)
	at sbt.CompletionService$$anon$2.call(CompletionService.scala:28)
	at java.util.concurrent.FutureTask.run(FutureTask.java:266)
	at java.util.concurrent.Executors$RunnableAdapter.call(Executors.java:511)
	at java.util.concurrent.FutureTask.run(FutureTask.java:266)
	at java.util.concurrent.ThreadPoolExecutor.runWorker(ThreadPoolExecutor.java:1149)
	at java.util.concurrent.ThreadPoolExecutor$Worker.run(ThreadPoolExecutor.java:624)
	at java.lang.Thread.run(Thread.java:748)
[0m[[31merror[0m] [0mjava.lang.NumberFormatException: For input string: "260abbe50f060cab5728a5464c7a55867a98897b"[0m
[0m[[0mdebug[0m] [0mSummary for JUnit not available.[0m
[0m[[0minfo[0m] [0mPassed: Total 1, Failed 0, Errors 0, Passed 1[0m
[0m[[0mdebug[0m] [0mPassed tests:[0m
[0m[[0mdebug[0m] [0m	edu.nyu.oop.TraverseASTTest[0m
